<?xml version="1.0" encoding="UTF-8"?>
<testng-results ignored="0" total="1" passed="1" failed="0" skipped="0">
  <reporter-output>
  </reporter-output>
  <suite started-at="2024-10-04T11:52:14 IST" name="BetaSuite" finished-at="2024-10-04T11:52:19 IST" duration-ms="5581">
    <groups>
    </groups>
    <test started-at="2024-10-04T11:52:14 IST" name="WMS Automation" finished-at="2024-10-04T11:52:19 IST" duration-ms="5581">
      <class name="com.celcius.wms_cel1.testcase_layer.LoginPageTest">
        <test-method is-config="true" signature="LoadReport()[pri:0, instance:com.celcius.wms_cel1.testcase_layer.LoginPageTest@34123d65]" started-at="2024-10-04T11:52:14 IST" name="LoadReport" finished-at="2024-10-04T11:52:14 IST" duration-ms="207" status="PASS">
          <reporter-output>
          </reporter-output>
        </test-method> <!-- LoadReport -->
        <test-method is-config="true" signature="launchBrowser(java.lang.String)[pri:0, instance:com.celcius.wms_cel1.testcase_layer.LoginPageTest@34123d65]" started-at="2024-10-04T11:52:14 IST" name="launchBrowser" finished-at="2024-10-04T11:52:17 IST" duration-ms="2893" status="PASS">
          <params>
            <param index="0">
              <value>
                <![CDATA[chrome]]>
              </value>
            </param>
          </params>
          <reporter-output>
          </reporter-output>
        </test-method> <!-- launchBrowser -->
        <test-method signature="tc01_VerifyUiComponentOfLoginPage()[pri:0, instance:com.celcius.wms_cel1.testcase_layer.LoginPageTest@34123d65]" started-at="2024-10-04T11:52:17 IST" name="tc01_VerifyUiComponentOfLoginPage" finished-at="2024-10-04T11:52:19 IST" duration-ms="2034" status="PASS">
          <reporter-output>
          </reporter-output>
        </test-method> <!-- tc01_VerifyUiComponentOfLoginPage -->
        <test-method is-config="true" signature="postMethod(org.testng.ITestResult)[pri:0, instance:com.celcius.wms_cel1.testcase_layer.LoginPageTest@34123d65]" started-at="2024-10-04T11:52:19 IST" name="postMethod" finished-at="2024-10-04T11:52:19 IST" duration-ms="129" status="PASS">
          <params>
            <param index="0">
              <value>
                <![CDATA[[TestResult name=tc01_VerifyUiComponentOfLoginPage status=SUCCESS method=LoginPageTest.tc01_VerifyUiComponentOfLoginPage()[pri:0, instance:com.celcius.wms_cel1.testcase_layer.LoginPageTest@34123d65] output={null}]]]>
              </value>
            </param>
          </params>
          <reporter-output>
          </reporter-output>
        </test-method> <!-- postMethod -->
        <test-method is-config="true" signature="tearDown()[pri:0, instance:com.celcius.wms_cel1.testcase_layer.LoginPageTest@34123d65]" started-at="2024-10-04T11:52:19 IST" name="tearDown" finished-at="2024-10-04T11:52:19 IST" duration-ms="282" status="PASS">
          <reporter-output>
          </reporter-output>
        </test-method> <!-- tearDown -->
      </class> <!-- com.celcius.wms_cel1.testcase_layer.LoginPageTest -->
    </test> <!-- WMS Automation -->
  </suite> <!-- BetaSuite -->
</testng-results>
